[    34.026] (--) Log file renamed from "/home/moringa/.local/share/xorg/Xorg.pid-1279.log" to "/home/moringa/.local/share/xorg/Xorg.0.log"
[    34.026] 
X.Org X Server 1.19.6
Release Date: 2017-12-20
[    34.026] X Protocol Version 11, Revision 0
[    34.026] Build Operating System: Linux 4.4.0-119-generic x86_64 Ubuntu
[    34.026] Current Operating System: Linux moringa-ThinkPad-L450 4.15.0-112-generic #113-Ubuntu SMP Thu Jul 9 23:41:39 UTC 2020 x86_64
[    34.026] Kernel command line: BOOT_IMAGE=/boot/vmlinuz-4.15.0-112-generic root=UUID=1d83ab4b-6a2c-48e8-9826-35fc72854ec5 ro quiet splash vt.handoff=1
[    34.026] Build Date: 13 April 2018  08:07:36PM
[    34.026] xorg-server 2:1.19.6-1ubuntu4 (For technical support please see http://www.ubuntu.com/support) 
[    34.026] Current version of pixman: 0.34.0
[    34.026] 	Before reporting problems, check http://wiki.x.org
	to make sure that you have the latest version.
[    34.026] Markers: (--) probed, (**) from config file, (==) default setting,
	(++) from command line, (!!) notice, (II) informational,
	(WW) warning, (EE) error, (NI) not implemented, (??) unknown.
[    34.026] (==) Log file: "/home/moringa/.local/share/xorg/Xorg.0.log", Time: Thu Jul 30 07:04:33 2020
[    34.027] (==) Using system config directory "/usr/share/X11/xorg.conf.d"
[    34.027] (==) No Layout section.  Using the first Screen section.
[    34.027] (==) No screen section available. Using defaults.
[    34.027] (**) |-->Screen "Default Screen Section" (0)
[    34.027] (**) |   |-->Monitor "<default monitor>"
[    34.027] (==) No monitor specified for screen "Default Screen Section".
	Using a default monitor configuration.
[    34.027] (==) Automatically adding devices
[    34.027] (==) Automatically enabling devices
[    34.027] (==) Automatically adding GPU devices
[    34.027] (==) Automatically binding GPU devices
[    34.027] (==) Max clients allowed: 256, resource mask: 0x1fffff
[    34.027] (WW) The directory "/usr/share/fonts/X11/cyrillic" does not exist.
[    34.027] 	Entry deleted from font path.
[    34.027] (WW) The directory "/usr/share/fonts/X11/100dpi/" does not exist.
[    34.027] 	Entry deleted from font path.
[    34.027] (WW) The directory "/usr/share/fonts/X11/75dpi/" does not exist.
[    34.027] 	Entry deleted from font path.
[    34.027] (WW) The directory "/usr/share/fonts/X11/100dpi" does not exist.
[    34.027] 	Entry deleted from font path.
[    34.027] (WW) The directory "/usr/share/fonts/X11/75dpi" does not exist.
[    34.027] 	Entry deleted from font path.
[    34.027] (==) FontPath set to:
	/usr/share/fonts/X11/misc,
	/usr/share/fonts/X11/Type1,
	built-ins
[    34.027] (==) ModulePath set to "/usr/lib/xorg/modules"
[    34.027] (II) The server relies on udev to provide the list of input devices.
	If no devices become available, reconfigure udev or disable AutoAddDevices.
[    34.027] (II) Loader magic: 0x562ce2c5f020
[    34.027] (II) Module ABI versions:
[    34.027] 	X.Org ANSI C Emulation: 0.4
[    34.027] 	X.Org Video Driver: 23.0
[    34.027] 	X.Org XInput driver : 24.1
[    34.027] 	X.Org Server Extension : 10.0
[    34.028] (++) using VT number 2

[    34.030] (II) systemd-logind: took control of session /org/freedesktop/login1/session/_32
[    34.031] (II) xfree86: Adding drm device (/dev/dri/card0)
[    34.031] (II) systemd-logind: got fd for /dev/dri/card0 226:0 fd 12 paused 0
[    34.033] (--) PCI:*(0:0:2:0) 8086:1616:17aa:503c rev 9, Mem @ 0xf0000000/16777216, 0xe0000000/268435456, I/O @ 0x00003000/64, BIOS @ 0x????????/131072
[    34.033] (II) LoadModule: "glx"
[    34.034] (II) Loading /usr/lib/xorg/modules/extensions/libglx.so
[    34.034] (II) Module glx: vendor="X.Org Foundation"
[    34.034] 	compiled for 1.19.6, module version = 1.0.0
[    34.034] 	ABI class: X.Org Server Extension, version 10.0
[    34.034] (==) Matched modesetting as autoconfigured driver 0
[    34.034] (==) Matched fbdev as autoconfigured driver 1
[    34.034] (==) Matched vesa as autoconfigured driver 2
[    34.034] (==) Assigned the driver to the xf86ConfigLayout
[    34.034] (II) LoadModule: "modesetting"
[    34.034] (II) Loading /usr/lib/xorg/modules/drivers/modesetting_drv.so
[    34.035] (II) Module modesetting: vendor="X.Org Foundation"
[    34.035] 	compiled for 1.19.6, module version = 1.19.6
[    34.035] 	Module class: X.Org Video Driver
[    34.035] 	ABI class: X.Org Video Driver, version 23.0
[    34.035] (II) LoadModule: "fbdev"
[    34.035] (II) Loading /usr/lib/xorg/modules/drivers/fbdev_drv.so
[    34.035] (II) Module fbdev: vendor="X.Org Foundation"
[    34.035] 	compiled for 1.19.3, module version = 0.4.4
[    34.035] 	Module class: X.Org Video Driver
[    34.035] 	ABI class: X.Org Video Driver, version 23.0
[    34.035] (II) LoadModule: "vesa"
[    34.035] (II) Loading /usr/lib/xorg/modules/drivers/vesa_drv.so
[    34.035] (II) Module vesa: vendor="X.Org Foundation"
[    34.035] 	compiled for 1.19.3, module version = 2.3.4
[    34.035] 	Module class: X.Org Video Driver
[    34.035] 	ABI class: X.Org Video Driver, version 23.0
[    34.035] (II) modesetting: Driver for Modesetting Kernel Drivers: kms
[    34.035] (II) FBDEV: driver for framebuffer: fbdev
[    34.035] (II) VESA: driver for VESA chipsets: vesa
[    34.035] xf86EnableIOPorts: failed to set IOPL for I/O (Operation not permitted)
[    34.035] (II) modeset(0): using drv /dev/dri/card0
[    34.035] (WW) Falling back to old probe method for fbdev
[    34.035] (II) Loading sub module "fbdevhw"
[    34.035] (II) LoadModule: "fbdevhw"
[    34.035] (II) Loading /usr/lib/xorg/modules/libfbdevhw.so
[    34.035] (II) Module fbdevhw: vendor="X.Org Foundation"
[    34.035] 	compiled for 1.19.6, module version = 0.0.2
[    34.035] 	ABI class: X.Org Video Driver, version 23.0
[    34.035] (EE) open /dev/fb0: Permission denied
[    34.035] (WW) Falling back to old probe method for vesa
[    34.035] (WW) VGA arbiter: cannot open kernel arbiter, no multi-card support
[    34.035] (II) modeset(0): Creating default Display subsection in Screen section
	"Default Screen Section" for depth/fbbpp 24/32
[    34.035] (==) modeset(0): Depth 24, (==) framebuffer bpp 32
[    34.035] (==) modeset(0): RGB weight 888
[    34.035] (==) modeset(0): Default visual is TrueColor
[    34.035] (II) Loading sub module "glamoregl"
[    34.035] (II) LoadModule: "glamoregl"
[    34.035] (II) Loading /usr/lib/xorg/modules/libglamoregl.so
[    34.038] (II) Module glamoregl: vendor="X.Org Foundation"
[    34.038] 	compiled for 1.19.6, module version = 1.0.0
[    34.038] 	ABI class: X.Org ANSI C Emulation, version 0.4
[    34.038] (II) glamor: OpenGL accelerated X.org driver based.
[    34.047] (II) glamor: EGL version 1.4 (DRI2):
[    34.050] (II) modeset(0): glamor initialized
[    34.051] (II) modeset(0): Output eDP-1 has no monitor section
[    34.051] (II) modeset(0): Output DP-1 has no monitor section
[    34.264] (II) modeset(0): Output HDMI-1 has no monitor section
[    34.264] (II) modeset(0): Output DP-2 has no monitor section
[    34.273] (II) modeset(0): Output HDMI-2 has no monitor section
[    34.288] (II) modeset(0): EDID for output eDP-1
[    34.288] (II) modeset(0): Manufacturer: LGD  Model: 45e  Serial#: 0
[    34.288] (II) modeset(0): Year: 2014  Week: 0
[    34.288] (II) modeset(0): EDID Version: 1.4
[    34.288] (II) modeset(0): Digital Display Input
[    34.288] (II) modeset(0): 6 bits per channel
[    34.288] (II) modeset(0): Digital interface is DisplayPort
[    34.288] (II) modeset(0): Max Image Size [cm]: horiz.: 31  vert.: 17
[    34.288] (II) modeset(0): Gamma: 2.20
[    34.288] (II) modeset(0): DPMS capabilities: StandBy Suspend Off
[    34.288] (II) modeset(0): Supported color encodings: RGB 4:4:4 YCrCb 4:4:4 
[    34.288] (II) modeset(0): First detailed timing is preferred mode
[    34.288] (II) modeset(0): Preferred mode is native pixel format and refresh rate
[    34.288] (II) modeset(0): redX: 0.585 redY: 0.350   greenX: 0.330 greenY: 0.565
[    34.288] (II) modeset(0): blueX: 0.155 blueY: 0.120   whiteX: 0.313 whiteY: 0.329
[    34.288] (II) modeset(0): Manufacturer's mask: 0
[    34.288] (II) modeset(0): Supported detailed timing:
[    34.288] (II) modeset(0): clock: 76.3 MHz   Image Size:  310 x 174 mm
[    34.289] (II) modeset(0): h_active: 1366  h_sync: 1414  h_sync_end 1446 h_blank_end 1610 h_border: 0
[    34.289] (II) modeset(0): v_active: 768  v_sync: 771  v_sync_end 776 v_blanking: 790 v_border: 0
[    34.289] (II) modeset(0):  LG Display
[    34.289] (II) modeset(0):  LP140WH8-TPD1
[    34.289] (II) modeset(0): EDID (in hex):
[    34.289] (II) modeset(0): 	00ffffffffffff0030e45e0400000000
[    34.289] (II) modeset(0): 	00180104951f1178eaebf59559549027
[    34.289] (II) modeset(0): 	1e505400000001010101010101010101
[    34.289] (II) modeset(0): 	010101010101d01d56f4500016303020
[    34.289] (II) modeset(0): 	350036ae100000190000000000000000
[    34.289] (II) modeset(0): 	00000000000000000000000000fe004c
[    34.289] (II) modeset(0): 	4720446973706c61790a2020000000fe
[    34.289] (II) modeset(0): 	004c503134305748382d545044310025
[    34.289] (II) modeset(0): Printing probed modes for output eDP-1
[    34.289] (II) modeset(0): Modeline "1366x768"x60.0   76.32  1366 1414 1446 1610  768 771 776 790 -hsync -vsync (47.4 kHz eP)
[    34.289] (II) modeset(0): Modeline "1360x768"x59.8   84.75  1360 1432 1568 1776  768 771 781 798 -hsync +vsync (47.7 kHz d)
[    34.289] (II) modeset(0): Modeline "1360x768"x60.0   72.00  1360 1408 1440 1520  768 771 781 790 +hsync -vsync (47.4 kHz d)
[    34.289] (II) modeset(0): Modeline "1280x720"x120.0  156.12  1280 1376 1512 1744  720 721 724 746 doublescan -hsync +vsync (89.5 kHz d)
[    34.289] (II) modeset(0): Modeline "1280x720"x120.0  120.75  1280 1304 1320 1360  720 721 724 740 doublescan +hsync -vsync (88.8 kHz d)
[    34.289] (II) modeset(0): Modeline "1280x720"x59.9   74.50  1280 1344 1472 1664  720 723 728 748 -hsync +vsync (44.8 kHz d)
[    34.289] (II) modeset(0): Modeline "1280x720"x59.7   63.75  1280 1328 1360 1440  720 723 728 741 +hsync -vsync (44.3 kHz d)
[    34.289] (II) modeset(0): Modeline "1024x768"x120.1  133.47  1024 1100 1212 1400  768 768 770 794 doublescan -hsync +vsync (95.3 kHz d)
[    34.289] (II) modeset(0): Modeline "1024x768"x60.0   65.00  1024 1048 1184 1344  768 771 777 806 -hsync -vsync (48.4 kHz d)
[    34.289] (II) modeset(0): Modeline "960x720"x120.0  117.00  960 1024 1128 1300  720 720 722 750 doublescan -hsync +vsync (90.0 kHz d)
[    34.289] (II) modeset(0): Modeline "928x696"x120.1  109.15  928 976 1088 1264  696 696 698 719 doublescan -hsync +vsync (86.4 kHz d)
[    34.289] (II) modeset(0): Modeline "896x672"x120.0  102.40  896 960 1060 1224  672 672 674 697 doublescan -hsync +vsync (83.7 kHz d)
[    34.289] (II) modeset(0): Modeline "1024x576"x119.9   98.50  1024 1092 1200 1376  576 577 580 597 doublescan -hsync +vsync (71.6 kHz d)
[    34.289] (II) modeset(0): Modeline "1024x576"x119.9   78.38  1024 1048 1064 1104  576 577 580 592 doublescan +hsync -vsync (71.0 kHz d)
[    34.289] (II) modeset(0): Modeline "1024x576"x59.9   46.50  1024 1064 1160 1296  576 579 584 599 -hsync +vsync (35.9 kHz d)
[    34.289] (II) modeset(0): Modeline "1024x576"x59.8   42.00  1024 1072 1104 1184  576 579 584 593 +hsync -vsync (35.5 kHz d)
[    34.289] (II) modeset(0): Modeline "960x600"x119.9   96.62  960 1028 1128 1296  600 601 604 622 doublescan -hsync +vsync (74.6 kHz d)
[    34.289] (II) modeset(0): Modeline "960x600"x120.0   77.00  960 984 1000 1040  600 601 604 617 doublescan +hsync -vsync (74.0 kHz d)
[    34.289] (II) modeset(0): Modeline "960x540"x119.9   86.50  960 1024 1124 1288  540 541 544 560 doublescan -hsync +vsync (67.2 kHz d)
[    34.289] (II) modeset(0): Modeline "960x540"x120.0   69.25  960 984 1000 1040  540 541 544 555 doublescan +hsync -vsync (66.6 kHz d)
[    34.289] (II) modeset(0): Modeline "960x540"x59.6   40.75  960 992 1088 1216  540 543 548 562 -hsync +vsync (33.5 kHz d)
[    34.290] (II) modeset(0): Modeline "960x540"x59.8   37.25  960 1008 1040 1120  540 543 548 556 +hsync -vsync (33.3 kHz d)
[    34.290] (II) modeset(0): Modeline "800x600"x120.0   81.00  800 832 928 1080  600 600 602 625 doublescan +hsync +vsync (75.0 kHz d)
[    34.290] (II) modeset(0): Modeline "800x600"x60.3   40.00  800 840 968 1056  600 601 605 628 +hsync +vsync (37.9 kHz d)
[    34.290] (II) modeset(0): Modeline "800x600"x56.2   36.00  800 824 896 1024  600 601 603 625 +hsync +vsync (35.2 kHz d)
[    34.290] (II) modeset(0): Modeline "840x525"x120.0   73.12  840 892 980 1120  525 526 529 544 doublescan -hsync +vsync (65.3 kHz d)
[    34.290] (II) modeset(0): Modeline "840x525"x119.8   59.50  840 864 880 920  525 526 529 540 doublescan +hsync -vsync (64.7 kHz d)
[    34.290] (II) modeset(0): Modeline "864x486"x59.9   32.50  864 888 968 1072  486 489 494 506 -hsync +vsync (30.3 kHz d)
[    34.290] (II) modeset(0): Modeline "864x486"x59.6   30.50  864 912 944 1024  486 489 494 500 +hsync -vsync (29.8 kHz d)
[    34.290] (II) modeset(0): Modeline "800x512"x120.3   51.56  800 800 828 832  512 512 514 515 doublescan +hsync +vsync (62.0 kHz d)
[    34.290] (II) modeset(0): Modeline "700x525"x120.0   61.00  700 744 820 940  525 526 532 541 doublescan +hsync +vsync (64.9 kHz d)
[    34.290] (II) modeset(0): Modeline "800x450"x119.9   59.12  800 848 928 1056  450 451 454 467 doublescan -hsync +vsync (56.0 kHz d)
[    34.290] (II) modeset(0): Modeline "800x450"x119.6   48.75  800 824 840 880  450 451 454 463 doublescan +hsync -vsync (55.4 kHz d)
[    34.290] (II) modeset(0): Modeline "640x512"x120.0   54.00  640 664 720 844  512 512 514 533 doublescan +hsync +vsync (64.0 kHz d)
[    34.290] (II) modeset(0): Modeline "720x450"x119.8   53.25  720 760 836 952  450 451 454 467 doublescan -hsync +vsync (55.9 kHz d)
[    34.290] (II) modeset(0): Modeline "700x450"x119.9   51.75  700 740 812 924  450 451 456 467 doublescan -hsync +vsync (56.0 kHz d)
[    34.290] (II) modeset(0): Modeline "700x450"x119.8   43.25  700 724 740 780  450 451 456 463 doublescan +hsync -vsync (55.4 kHz d)
[    34.290] (II) modeset(0): Modeline "640x480"x120.0   54.00  640 688 744 900  480 480 482 500 doublescan +hsync +vsync (60.0 kHz d)
[    34.290] (II) modeset(0): Modeline "640x480"x59.9   25.18  640 656 752 800  480 490 492 525 -hsync -vsync (31.5 kHz d)
[    34.290] (II) modeset(0): Modeline "720x405"x59.5   22.50  720 744 808 896  405 408 413 422 -hsync +vsync (25.1 kHz d)
[    34.290] (II) modeset(0): Modeline "720x405"x59.0   21.75  720 768 800 880  405 408 413 419 +hsync -vsync (24.7 kHz d)
[    34.290] (II) modeset(0): Modeline "684x384"x119.8   42.62  684 720 788 892  384 385 390 399 doublescan -hsync +vsync (47.8 kHz d)
[    34.290] (II) modeset(0): Modeline "684x384"x119.7   36.12  684 708 724 764  384 385 390 395 doublescan +hsync -vsync (47.3 kHz d)
[    34.290] (II) modeset(0): Modeline "680x384"x119.6   42.38  680 716 784 888  384 385 390 399 doublescan -hsync +vsync (47.7 kHz d)
[    34.290] (II) modeset(0): Modeline "680x384"x119.9   36.00  680 704 720 760  384 385 390 395 doublescan +hsync -vsync (47.4 kHz d)
[    34.290] (II) modeset(0): Modeline "640x400"x119.8   41.75  640 676 740 840  400 401 404 415 doublescan -hsync +vsync (49.7 kHz d)
[    34.290] (II) modeset(0): Modeline "640x400"x120.0   35.50  640 664 680 720  400 401 404 411 doublescan +hsync -vsync (49.3 kHz d)
[    34.290] (II) modeset(0): Modeline "576x432"x120.1   40.81  576 608 668 760  432 432 434 447 doublescan -hsync +vsync (53.7 kHz d)
[    34.290] (II) modeset(0): Modeline "640x360"x119.7   37.25  640 672 736 832  360 361 364 374 doublescan -hsync +vsync (44.8 kHz d)
[    34.290] (II) modeset(0): Modeline "640x360"x119.7   31.88  640 664 680 720  360 361 364 370 doublescan +hsync -vsync (44.3 kHz d)
[    34.290] (II) modeset(0): Modeline "640x360"x59.8   18.00  640 664 720 800  360 363 368 376 -hsync +vsync (22.5 kHz d)
[    34.290] (II) modeset(0): Modeline "640x360"x59.3   17.75  640 688 720 800  360 363 368 374 +hsync -vsync (22.2 kHz d)
[    34.290] (II) modeset(0): Modeline "512x384"x120.0   32.50  512 524 592 672  384 385 388 403 doublescan -hsync -vsync (48.4 kHz d)
[    34.290] (II) modeset(0): Modeline "512x288"x120.0   23.25  512 532 580 648  288 289 292 299 doublescan -hsync +vsync (35.9 kHz d)
[    34.290] (II) modeset(0): Modeline "512x288"x119.8   21.00  512 536 552 592  288 289 292 296 doublescan +hsync -vsync (35.5 kHz d)
[    34.290] (II) modeset(0): Modeline "480x270"x119.3   20.38  480 496 544 608  270 271 274 281 doublescan -hsync +vsync (33.5 kHz d)
[    34.290] (II) modeset(0): Modeline "480x270"x119.6   18.62  480 504 520 560  270 271 274 278 doublescan +hsync -vsync (33.3 kHz d)
[    34.290] (II) modeset(0): Modeline "400x300"x120.6   20.00  400 420 484 528  300 300 302 314 doublescan +hsync +vsync (37.9 kHz d)
[    34.290] (II) modeset(0): Modeline "400x300"x112.7   18.00  400 412 448 512  300 300 301 312 doublescan +hsync +vsync (35.2 kHz d)
[    34.290] (II) modeset(0): Modeline "432x243"x119.8   16.25  432 444 484 536  243 244 247 253 doublescan -hsync +vsync (30.3 kHz d)
[    34.290] (II) modeset(0): Modeline "432x243"x119.1   15.25  432 456 472 512  243 244 247 250 doublescan +hsync -vsync (29.8 kHz d)
[    34.290] (II) modeset(0): Modeline "320x240"x120.1   12.59  320 328 376 400  240 245 246 262 doublescan -hsync -vsync (31.5 kHz d)
[    34.290] (II) modeset(0): Modeline "360x202"x119.0   11.25  360 372 404 448  202 204 206 211 doublescan -hsync +vsync (25.1 kHz d)
[    34.290] (II) modeset(0): Modeline "360x202"x118.3   10.88  360 384 400 440  202 204 206 209 doublescan +hsync -vsync (24.7 kHz d)
[    34.290] (II) modeset(0): Modeline "320x180"x119.7    9.00  320 332 360 400  180 181 184 188 doublescan -hsync +vsync (22.5 kHz d)
[    34.290] (II) modeset(0): Modeline "320x180"x118.6    8.88  320 344 360 400  180 181 184 187 doublescan +hsync -vsync (22.2 kHz d)
[    34.290] (II) modeset(0): EDID for output DP-1
[    34.504] (II) modeset(0): EDID for output HDMI-1
[    34.504] (II) modeset(0): EDID for output DP-2
[    34.512] (II) modeset(0): EDID for output HDMI-2
[    34.512] (II) modeset(0): Output eDP-1 connected
[    34.512] (II) modeset(0): Output DP-1 disconnected
[    34.512] (II) modeset(0): Output HDMI-1 disconnected
[    34.512] (II) modeset(0): Output DP-2 disconnected
[    34.512] (II) modeset(0): Output HDMI-2 disconnected
[    34.512] (II) modeset(0): Using exact sizes for initial modes
[    34.512] (II) modeset(0): Output eDP-1 using initial mode 1366x768 +0+0
[    34.512] (==) modeset(0): Using gamma correction (1.0, 1.0, 1.0)
[    34.512] (==) modeset(0): DPI set to (96, 96)
[    34.512] (II) Loading sub module "fb"
[    34.512] (II) LoadModule: "fb"
[    34.512] (II) Loading /usr/lib/xorg/modules/libfb.so
[    34.512] (II) Module fb: vendor="X.Org Foundation"
[    34.512] 	compiled for 1.19.6, module version = 1.0.0
[    34.512] 	ABI class: X.Org ANSI C Emulation, version 0.4
[    34.512] (II) UnloadModule: "fbdev"
[    34.512] (II) Unloading fbdev
[    34.512] (II) UnloadSubModule: "fbdevhw"
[    34.512] (II) Unloading fbdevhw
[    34.512] (II) UnloadModule: "vesa"
[    34.512] (II) Unloading vesa
[    34.512] (==) Depth 24 pixmap format is 32 bpp
[    34.579] (==) modeset(0): Backing store enabled
[    34.579] (==) modeset(0): Silken mouse enabled
[    34.579] (II) modeset(0): RandR 1.2 enabled, ignore the following RandR disabled message.
[    34.637] (==) modeset(0): DPMS enabled
[    34.637] (II) modeset(0): [DRI2] Setup complete
[    34.637] (II) modeset(0): [DRI2]   DRI driver: i965
[    34.637] (II) modeset(0): [DRI2]   VDPAU driver: i965
[    34.637] (--) RandR disabled
[    34.640] (II) SELinux: Disabled on system
[    34.645] (II) AIGLX: enabled GLX_MESA_copy_sub_buffer
[    34.645] (II) AIGLX: enabled GLX_ARB_create_context
[    34.645] (II) AIGLX: enabled GLX_ARB_create_context_profile
[    34.645] (II) AIGLX: enabled GLX_EXT_create_context_es{,2}_profile
[    34.645] (II) AIGLX: enabled GLX_INTEL_swap_event
[    34.645] (II) AIGLX: enabled GLX_SGI_swap_control
[    34.645] (II) AIGLX: enabled GLX_EXT_framebuffer_sRGB
[    34.645] (II) AIGLX: enabled GLX_ARB_fbconfig_float
[    34.645] (II) AIGLX: enabled GLX_EXT_fbconfig_packed_float
[    34.645] (II) AIGLX: GLX_EXT_texture_from_pixmap backed by buffer objects
[    34.645] (II) AIGLX: enabled GLX_ARB_create_context_robustness
[    34.645] (II) AIGLX: Loaded and initialized i965
[    34.645] (II) GLX: Initialized DRI2 GL provider for screen 0
[    34.647] (II) modeset(0): Damage tracking initialized
[    34.647] (II) modeset(0): Setting screen physical size to 361 x 203
[    34.679] (II) config/udev: Adding input device Power Button (/dev/input/event2)
[    34.679] (**) Power Button: Applying InputClass "libinput keyboard catchall"
[    34.679] (II) LoadModule: "libinput"
[    34.679] (II) Loading /usr/lib/xorg/modules/input/libinput_drv.so
[    34.680] (II) Module libinput: vendor="X.Org Foundation"
[    34.680] 	compiled for 1.19.6, module version = 0.27.1
[    34.680] 	Module class: X.Org XInput Driver
[    34.680] 	ABI class: X.Org XInput driver, version 24.1
[    34.680] (II) Using input driver 'libinput' for 'Power Button'
[    34.681] (II) systemd-logind: got fd for /dev/input/event2 13:66 fd 21 paused 0
[    34.681] (**) Power Button: always reports core events
[    34.681] (**) Option "Device" "/dev/input/event2"
[    34.681] (**) Option "_source" "server/udev"
[    34.682] (II) event2  - Power Button: is tagged by udev as: Keyboard
[    34.682] (II) event2  - Power Button: device is a keyboard
[    34.682] (II) event2  - Power Button: device removed
[    34.682] (**) Option "config_info" "udev:/sys/devices/LNXSYSTM:00/LNXPWRBN:00/input/input2/event2"
[    34.682] (II) XINPUT: Adding extended input device "Power Button" (type: KEYBOARD, id 6)
[    34.682] (**) Option "xkb_model" "pc105"
[    34.682] (**) Option "xkb_layout" "us"
[    34.683] (II) event2  - Power Button: is tagged by udev as: Keyboard
[    34.683] (II) event2  - Power Button: device is a keyboard
[    34.684] (II) config/udev: Adding input device Video Bus (/dev/input/event4)
[    34.684] (**) Video Bus: Applying InputClass "libinput keyboard catchall"
[    34.684] (II) Using input driver 'libinput' for 'Video Bus'
[    34.685] (II) systemd-logind: got fd for /dev/input/event4 13:68 fd 24 paused 0
[    34.685] (**) Video Bus: always reports core events
[    34.685] (**) Option "Device" "/dev/input/event4"
[    34.685] (**) Option "_source" "server/udev"
[    34.685] (II) event4  - Video Bus: is tagged by udev as: Keyboard
[    34.685] (II) event4  - Video Bus: device is a keyboard
[    34.685] (II) event4  - Video Bus: device removed
[    34.685] (**) Option "config_info" "udev:/sys/devices/LNXSYSTM:00/LNXSYBUS:00/PNP0A08:00/LNXVIDEO:00/input/input6/event4"
[    34.685] (II) XINPUT: Adding extended input device "Video Bus" (type: KEYBOARD, id 7)
[    34.685] (**) Option "xkb_model" "pc105"
[    34.685] (**) Option "xkb_layout" "us"
[    34.686] (II) event4  - Video Bus: is tagged by udev as: Keyboard
[    34.686] (II) event4  - Video Bus: device is a keyboard
[    34.687] (II) config/udev: Adding input device Lid Switch (/dev/input/event0)
[    34.687] (II) No input driver specified, ignoring this device.
[    34.687] (II) This device may have been added with another device file.
[    34.687] (II) config/udev: Adding input device Sleep Button (/dev/input/event1)
[    34.687] (**) Sleep Button: Applying InputClass "libinput keyboard catchall"
[    34.687] (II) Using input driver 'libinput' for 'Sleep Button'
[    34.689] (II) systemd-logind: got fd for /dev/input/event1 13:65 fd 25 paused 0
[    34.689] (**) Sleep Button: always reports core events
[    34.689] (**) Option "Device" "/dev/input/event1"
[    34.689] (**) Option "_source" "server/udev"
[    34.690] (II) event1  - Sleep Button: is tagged by udev as: Keyboard
[    34.690] (II) event1  - Sleep Button: device is a keyboard
[    34.690] (II) event1  - Sleep Button: device removed
[    34.690] (**) Option "config_info" "udev:/sys/devices/LNXSYSTM:00/LNXSYBUS:00/PNP0C0E:00/input/input1/event1"
[    34.690] (II) XINPUT: Adding extended input device "Sleep Button" (type: KEYBOARD, id 8)
[    34.690] (**) Option "xkb_model" "pc105"
[    34.690] (**) Option "xkb_layout" "us"
[    34.690] (II) event1  - Sleep Button: is tagged by udev as: Keyboard
[    34.690] (II) event1  - Sleep Button: device is a keyboard
[    34.691] (II) config/udev: Adding input device HDA Intel HDMI HDMI/DP,pcm=7 (/dev/input/event9)
[    34.691] (II) No input driver specified, ignoring this device.
[    34.691] (II) This device may have been added with another device file.
[    34.691] (II) config/udev: Adding input device HDA Intel HDMI HDMI/DP,pcm=8 (/dev/input/event10)
[    34.691] (II) No input driver specified, ignoring this device.
[    34.691] (II) This device may have been added with another device file.
[    34.692] (II) config/udev: Adding input device HDA Intel HDMI HDMI/DP,pcm=9 (/dev/input/event11)
[    34.692] (II) No input driver specified, ignoring this device.
[    34.692] (II) This device may have been added with another device file.
[    34.692] (II) config/udev: Adding input device HDA Intel HDMI HDMI/DP,pcm=10 (/dev/input/event12)
[    34.692] (II) No input driver specified, ignoring this device.
[    34.692] (II) This device may have been added with another device file.
[    34.692] (II) config/udev: Adding input device HDA Intel HDMI HDMI/DP,pcm=3 (/dev/input/event8)
[    34.693] (II) No input driver specified, ignoring this device.
[    34.693] (II) This device may have been added with another device file.
[    34.693] (II) config/udev: Adding input device Integrated Camera: Integrated C (/dev/input/event17)
[    34.693] (**) Integrated Camera: Integrated C: Applying InputClass "libinput keyboard catchall"
[    34.693] (II) Using input driver 'libinput' for 'Integrated Camera: Integrated C'
[    34.694] (II) systemd-logind: got fd for /dev/input/event17 13:81 fd 26 paused 0
[    34.694] (**) Integrated Camera: Integrated C: always reports core events
[    34.694] (**) Option "Device" "/dev/input/event17"
[    34.694] (**) Option "_source" "server/udev"
[    34.695] (II) event17 - Integrated Camera: Integrated C: is tagged by udev as: Keyboard
[    34.695] (II) event17 - Integrated Camera: Integrated C: device is a keyboard
[    34.695] (II) event17 - Integrated Camera: Integrated C: device removed
[    34.695] (**) Option "config_info" "udev:/sys/devices/pci0000:00/0000:00:14.0/usb2/2-8/2-8:1.0/input/input18/event17"
[    34.695] (II) XINPUT: Adding extended input device "Integrated Camera: Integrated C" (type: KEYBOARD, id 9)
[    34.695] (**) Option "xkb_model" "pc105"
[    34.695] (**) Option "xkb_layout" "us"
[    34.696] (II) event17 - Integrated Camera: Integrated C: is tagged by udev as: Keyboard
[    34.696] (II) event17 - Integrated Camera: Integrated C: device is a keyboard
[    34.698] (II) config/udev: Adding input device HDA Intel PCH Dock Mic (/dev/input/event13)
[    34.698] (II) No input driver specified, ignoring this device.
[    34.698] (II) This device may have been added with another device file.
[    34.698] (II) config/udev: Adding input device HDA Intel PCH Mic (/dev/input/event14)
[    34.698] (II) No input driver specified, ignoring this device.
[    34.698] (II) This device may have been added with another device file.
[    34.698] (II) config/udev: Adding input device HDA Intel PCH Dock Headphone (/dev/input/event15)
[    34.698] (II) No input driver specified, ignoring this device.
[    34.698] (II) This device may have been added with another device file.
[    34.699] (II) config/udev: Adding input device HDA Intel PCH Headphone (/dev/input/event16)
[    34.699] (II) No input driver specified, ignoring this device.
[    34.699] (II) This device may have been added with another device file.
[    34.699] (II) config/udev: Adding input device AT Translated Set 2 keyboard (/dev/input/event3)
[    34.699] (**) AT Translated Set 2 keyboard: Applying InputClass "libinput keyboard catchall"
[    34.699] (II) Using input driver 'libinput' for 'AT Translated Set 2 keyboard'
[    34.700] (II) systemd-logind: got fd for /dev/input/event3 13:67 fd 27 paused 0
[    34.700] (**) AT Translated Set 2 keyboard: always reports core events
[    34.700] (**) Option "Device" "/dev/input/event3"
[    34.700] (**) Option "_source" "server/udev"
[    34.700] (II) event3  - AT Translated Set 2 keyboard: is tagged by udev as: Keyboard
[    34.700] (II) event3  - AT Translated Set 2 keyboard: device is a keyboard
[    34.700] (II) event3  - AT Translated Set 2 keyboard: device removed
[    34.701] (**) Option "config_info" "udev:/sys/devices/platform/i8042/serio0/input/input3/event3"
[    34.701] (II) XINPUT: Adding extended input device "AT Translated Set 2 keyboard" (type: KEYBOARD, id 10)
[    34.701] (**) Option "xkb_model" "pc105"
[    34.701] (**) Option "xkb_layout" "us"
[    34.701] (II) event3  - AT Translated Set 2 keyboard: is tagged by udev as: Keyboard
[    34.701] (II) event3  - AT Translated Set 2 keyboard: device is a keyboard
[    34.702] (II) config/udev: Adding input device SynPS/2 Synaptics TouchPad (/dev/input/event5)
[    34.702] (**) SynPS/2 Synaptics TouchPad: Applying InputClass "libinput touchpad catchall"
[    34.702] (II) Using input driver 'libinput' for 'SynPS/2 Synaptics TouchPad'
[    34.702] (II) systemd-logind: got fd for /dev/input/event5 13:69 fd 28 paused 0
[    34.702] (**) SynPS/2 Synaptics TouchPad: always reports core events
[    34.702] (**) Option "Device" "/dev/input/event5"
[    34.702] (**) Option "_source" "server/udev"
[    34.703] (II) event5  - SynPS/2 Synaptics TouchPad: is tagged by udev as: Touchpad
[    34.703] (II) event5  - SynPS/2 Synaptics TouchPad: device is a touchpad
[    34.703] (II) event5  - SynPS/2 Synaptics TouchPad: device removed
[    34.703] (**) Option "config_info" "udev:/sys/devices/platform/i8042/serio1/input/input5/event5"
[    34.703] (II) XINPUT: Adding extended input device "SynPS/2 Synaptics TouchPad" (type: TOUCHPAD, id 11)
[    34.703] (**) Option "AccelerationScheme" "none"
[    34.703] (**) SynPS/2 Synaptics TouchPad: (accel) selected scheme none/0
[    34.703] (**) SynPS/2 Synaptics TouchPad: (accel) acceleration factor: 2.000
[    34.703] (**) SynPS/2 Synaptics TouchPad: (accel) acceleration threshold: 4
[    34.704] (II) event5  - SynPS/2 Synaptics TouchPad: is tagged by udev as: Touchpad
[    34.704] (II) event5  - SynPS/2 Synaptics TouchPad: device is a touchpad
[    34.704] (II) config/udev: Adding input device SynPS/2 Synaptics TouchPad (/dev/input/mouse0)
[    34.704] (II) No input driver specified, ignoring this device.
[    34.704] (II) This device may have been added with another device file.
[    34.705] (II) config/udev: Adding input device TPPS/2 IBM TrackPoint (/dev/input/event6)
[    34.705] (**) TPPS/2 IBM TrackPoint: Applying InputClass "libinput pointer catchall"
[    34.705] (II) Using input driver 'libinput' for 'TPPS/2 IBM TrackPoint'
[    34.706] (II) systemd-logind: got fd for /dev/input/event6 13:70 fd 29 paused 0
[    34.706] (**) TPPS/2 IBM TrackPoint: always reports core events
[    34.706] (**) Option "Device" "/dev/input/event6"
[    34.706] (**) Option "_source" "server/udev"
[    34.706] (II) event6  - TPPS/2 IBM TrackPoint: is tagged by udev as: Mouse Pointingstick
[    34.706] (II) event6  - TPPS/2 IBM TrackPoint: trackpoint device set to range 31
[    34.706] (II) event6  - TPPS/2 IBM TrackPoint: device is a pointer
[    34.706] (II) event6  - TPPS/2 IBM TrackPoint: device removed
[    34.706] (**) Option "config_info" "udev:/sys/devices/platform/i8042/serio1/serio2/input/input7/event6"
[    34.706] (II) XINPUT: Adding extended input device "TPPS/2 IBM TrackPoint" (type: MOUSE, id 12)
[    34.706] (**) Option "AccelerationScheme" "none"
[    34.707] (**) TPPS/2 IBM TrackPoint: (accel) selected scheme none/0
[    34.707] (**) TPPS/2 IBM TrackPoint: (accel) acceleration factor: 2.000
[    34.707] (**) TPPS/2 IBM TrackPoint: (accel) acceleration threshold: 4
[    34.707] (II) event6  - TPPS/2 IBM TrackPoint: is tagged by udev as: Mouse Pointingstick
[    34.707] (II) event6  - TPPS/2 IBM TrackPoint: trackpoint device set to range 31
[    34.707] (II) event6  - TPPS/2 IBM TrackPoint: device is a pointer
[    34.708] (II) config/udev: Adding input device TPPS/2 IBM TrackPoint (/dev/input/mouse1)
[    34.708] (II) No input driver specified, ignoring this device.
[    34.708] (II) This device may have been added with another device file.
[    34.710] (II) config/udev: Adding input device ThinkPad Extra Buttons (/dev/input/event7)
[    34.710] (**) ThinkPad Extra Buttons: Applying InputClass "libinput keyboard catchall"
[    34.710] (II) Using input driver 'libinput' for 'ThinkPad Extra Buttons'
[    34.711] (II) systemd-logind: got fd for /dev/input/event7 13:71 fd 30 paused 0
[    34.711] (**) ThinkPad Extra Buttons: always reports core events
[    34.711] (**) Option "Device" "/dev/input/event7"
[    34.711] (**) Option "_source" "server/udev"
[    34.711] (II) event7  - ThinkPad Extra Buttons: is tagged by udev as: Keyboard
[    34.711] (II) event7  - ThinkPad Extra Buttons: device is a keyboard
[    34.711] (II) event7  - ThinkPad Extra Buttons: device removed
[    34.711] (**) Option "config_info" "udev:/sys/devices/platform/thinkpad_acpi/input/input8/event7"
[    34.711] (II) XINPUT: Adding extended input device "ThinkPad Extra Buttons" (type: KEYBOARD, id 13)
[    34.711] (**) Option "xkb_model" "pc105"
[    34.711] (**) Option "xkb_layout" "us"
[    34.712] (II) event7  - ThinkPad Extra Buttons: is tagged by udev as: Keyboard
[    34.712] (II) event7  - ThinkPad Extra Buttons: device is a keyboard
[    35.055] (II) modeset(0): EDID vendor "LGD", prod id 1118
[    35.055] (II) modeset(0): Printing DDC gathered Modelines:
[    35.055] (II) modeset(0): Modeline "1366x768"x0.0   76.32  1366 1414 1446 1610  768 771 776 790 -hsync -vsync (47.4 kHz eP)
[  1509.617] (II) modeset(0): EDID vendor "LGD", prod id 1118
[  1509.617] (II) modeset(0): Printing DDC gathered Modelines:
[  1509.617] (II) modeset(0): Modeline "1366x768"x0.0   76.32  1366 1414 1446 1610  768 771 776 790 -hsync -vsync (47.4 kHz eP)
[  7204.308] (II) modeset(0): EDID vendor "LGD", prod id 1118
[  7204.308] (II) modeset(0): Printing DDC gathered Modelines:
[  7204.308] (II) modeset(0): Modeline "1366x768"x0.0   76.32  1366 1414 1446 1610  768 771 776 790 -hsync -vsync (47.4 kHz eP)
