Looking for git in: git
Using git 2.17.1 from git
> git rev-parse --show-toplevel
> git rev-parse --git-dir
Open repository: /home/moringa/Desktop/iBiz-Foods
> git status -z -u
> git symbolic-ref --short HEAD
> git rev-parse master
> git rev-parse --symbolic-full-name master@{u}
fatal: no upstream configured for branch 'master'
> git for-each-ref --sort -committerdate --format %(refname) %(objectname)
> git remote --verbose
> git config --get commit.template
> git show --textconv :styles.css
> git ls-files --stage -- /home/moringa/Desktop/iBiz-Foods/styles.css
> git cat-file -s e69de29bb2d1d6434b8b29ae775ad8c2e48c5391
> git check-ignore -v -z --stdin
> git add -A -- /home/moringa/Desktop/iBiz-Foods/index.html
> git status -z -u
> git symbolic-ref --short HEAD
> git rev-parse master
> git rev-parse --symbolic-full-name master@{u}
fatal: no upstream configured for branch 'master'
> git for-each-ref --sort -committerdate --format %(refname) %(objectname)
> git remote --verbose
> git config --get commit.template
> git ls-files --stage -- /home/moringa/Desktop/iBiz-Foods/styles.css
> git cat-file -s e69de29bb2d1d6434b8b29ae775ad8c2e48c5391
> git show --textconv :styles.css
> git status -z -u
> git symbolic-ref --short HEAD
> git rev-parse master
> git rev-parse --symbolic-full-name master@{u}
fatal: no upstream configured for branch 'master'
> git for-each-ref --sort -committerdate --format %(refname) %(objectname)
> git remote --verbose
> git config --get commit.template
> git pull --tags -r
error: cannot pull with rebase: Your index contains uncommitted changes.
error: please commit or stash them.
> git show --textconv :styles.css
> git ls-files --stage -- /home/moringa/Desktop/iBiz-Foods/styles.css
> git cat-file -s e69de29bb2d1d6434b8b29ae775ad8c2e48c5391
> git show --textconv :styles.css
> git ls-files --stage -- /home/moringa/Desktop/iBiz-Foods/styles.css
> git cat-file -s e69de29bb2d1d6434b8b29ae775ad8c2e48c5391
> git status -z -u
> git symbolic-ref --short HEAD
> git rev-parse master
> git rev-parse --symbolic-full-name master@{u}
fatal: no upstream configured for branch 'master'
> git for-each-ref --sort -committerdate --format %(refname) %(objectname)
> git remote --verbose
> git config --get commit.template
> git status -z -u
> git symbolic-ref --short HEAD
> git rev-parse master
> git rev-parse --symbolic-full-name master@{u}
fatal: no upstream configured for branch 'master'
> git for-each-ref --sort -committerdate --format %(refname) %(objectname)
> git remote --verbose
> git config --get commit.template
> git show --textconv :index.js
> git ls-files --stage -- /home/moringa/Desktop/iBiz-Foods/index.js
> git cat-file -s e69de29bb2d1d6434b8b29ae775ad8c2e48c5391
> git show --textconv :index.html
> git ls-files --stage -- /home/moringa/Desktop/iBiz-Foods/index.html
> git cat-file -s 2a17b19cda2774f6236fab5b1dc745f21de931fd
> git show --textconv :index.js
> git ls-files --stage -- /home/moringa/Desktop/iBiz-Foods/index.js
> git cat-file -s e69de29bb2d1d6434b8b29ae775ad8c2e48c5391
> git show --textconv :styles.css
> git ls-files --stage -- /home/moringa/Desktop/iBiz-Foods/styles.css
> git cat-file -s e69de29bb2d1d6434b8b29ae775ad8c2e48c5391
> git show --textconv :index.js
> git ls-files --stage -- /home/moringa/Desktop/iBiz-Foods/index.js
> git cat-file -s e69de29bb2d1d6434b8b29ae775ad8c2e48c5391
> git show --textconv :index.html
> git ls-files --stage -- /home/moringa/Desktop/iBiz-Foods/index.html
> git cat-file -s 2a17b19cda2774f6236fab5b1dc745f21de931fd
> git show --textconv :styles.css
> git ls-files --stage -- /home/moringa/Desktop/iBiz-Foods/styles.css
> git cat-file -s e69de29bb2d1d6434b8b29ae775ad8c2e48c5391
> git show --textconv :index.html
> git ls-files --stage -- /home/moringa/Desktop/iBiz-Foods/index.html
> git cat-file -s 2a17b19cda2774f6236fab5b1dc745f21de931fd
> git status -z -u
> git symbolic-ref --short HEAD
> git rev-parse master
> git rev-parse --symbolic-full-name master@{u}
fatal: no upstream configured for branch 'master'
> git for-each-ref --sort -committerdate --format %(refname) %(objectname)
> git remote --verbose
> git config --get commit.template
> git show --textconv :styles.css
> git ls-files --stage -- /home/moringa/Desktop/iBiz-Foods/styles.css
> git cat-file -s e69de29bb2d1d6434b8b29ae775ad8c2e48c5391
> git show --textconv :index.html
> git ls-files --stage -- /home/moringa/Desktop/iBiz-Foods/index.html
> git cat-file -s 2a17b19cda2774f6236fab5b1dc745f21de931fd
