Looking for git in: git
Using git 2.17.1 from git
> git rev-parse --show-toplevel
> git rev-parse --git-dir
Open repository: /home/moringa/Desktop/revision
> git status -z -u
> git symbolic-ref --short HEAD
> git rev-parse gh-pages
> git rev-parse --symbolic-full-name gh-pages@{u}
fatal: no upstream configured for branch 'gh-pages'
> git for-each-ref --sort -committerdate --format %(refname) %(objectname)
> git remote --verbose
> git config --get commit.template
> git show --textconv :styles.css
> git ls-files --stage -- /home/moringa/Desktop/revision/styles.css
> git cat-file -s e69de29bb2d1d6434b8b29ae775ad8c2e48c5391
> git check-ignore -v -z --stdin
> git show --textconv :index.html
> git ls-files --stage -- /home/moringa/Desktop/revision/index.html
> git cat-file -s c8f6de6c5deb6f3cd62bd811ebf7f4008c2e7c2b
> git rev-parse --show-toplevel
> git rev-parse --git-dir
Open repository: /home/moringa/Desktop/iBiz-Foods
> git status -z -u
> git symbolic-ref --short HEAD
> git rev-parse master
> git rev-parse --symbolic-full-name master@{u}
fatal: no upstream configured for branch 'master'
> git for-each-ref --sort -committerdate --format %(refname) %(objectname)
> git remote --verbose
> git config --get commit.template
> git show --textconv :index.html
> git ls-files --stage -- /home/moringa/Desktop/iBiz-Foods/index.html
> git cat-file -s b94e5d9501bb5d6fca5187a26d09ea7282d8940a
> git check-ignore -v -z --stdin
> git check-ignore -v -z --stdin
> git show --textconv :index.html
> git ls-files --stage -- /home/moringa/Desktop/revision/index.html
> git cat-file -s c8f6de6c5deb6f3cd62bd811ebf7f4008c2e7c2b
> git check-ignore -v -z --stdin
> git status -z -u
> git symbolic-ref --short HEAD
> git rev-parse master
> git rev-parse --symbolic-full-name master@{u}
fatal: no upstream configured for branch 'master'
> git for-each-ref --sort -committerdate --format %(refname) %(objectname)
> git remote --verbose
> git config --get commit.template
> git status -z -u
> git symbolic-ref --short HEAD
> git rev-parse master
> git rev-parse --symbolic-full-name master@{u}
fatal: no upstream configured for branch 'master'
> git for-each-ref --sort -committerdate --format %(refname) %(objectname)
> git remote --verbose
> git config --get commit.template
> git status -z -u
> git symbolic-ref --short HEAD
> git rev-parse master
> git rev-parse --symbolic-full-name master@{u}
fatal: no upstream configured for branch 'master'
> git for-each-ref --sort -committerdate --format %(refname) %(objectname)
> git remote --verbose
> git config --get commit.template
> git status -z -u
> git symbolic-ref --short HEAD
> git rev-parse master
> git rev-parse --symbolic-full-name master@{u}
fatal: no upstream configured for branch 'master'
> git for-each-ref --sort -committerdate --format %(refname) %(objectname)
> git remote --verbose
> git config --get commit.template
> git status -z -u
> git symbolic-ref --short HEAD
> git rev-parse master
> git rev-parse --symbolic-full-name master@{u}
fatal: no upstream configured for branch 'master'
> git for-each-ref --sort -committerdate --format %(refname) %(objectname)
> git remote --verbose
> git config --get commit.template
> git show --textconv HEAD:styles.css
> git ls-tree -l HEAD -- /home/moringa/Desktop/revision/styles.css
> git show --textconv :styles.css
> git ls-files --stage -- /home/moringa/Desktop/revision/styles.css
> git cat-file -s e69de29bb2d1d6434b8b29ae775ad8c2e48c5391
> git show --textconv :index.html
> git ls-files --stage -- /home/moringa/Desktop/revision/index.html
> git cat-file -s c8f6de6c5deb6f3cd62bd811ebf7f4008c2e7c2b
> git show --textconv :styles.css
> git ls-files --stage -- /home/moringa/Desktop/revision/styles.css
> git cat-file -s e69de29bb2d1d6434b8b29ae775ad8c2e48c5391
> git show --textconv :index.html
> git ls-files --stage -- /home/moringa/Desktop/revision/index.html
> git cat-file -s c8f6de6c5deb6f3cd62bd811ebf7f4008c2e7c2b
> git show --textconv :styles.css
> git ls-files --stage -- /home/moringa/Desktop/revision/styles.css
> git cat-file -s e69de29bb2d1d6434b8b29ae775ad8c2e48c5391
> git show --textconv :index.html
> git ls-files --stage -- /home/moringa/Desktop/revision/index.html
> git cat-file -s c8f6de6c5deb6f3cd62bd811ebf7f4008c2e7c2b
