[07/29/20, 20:43:10:754] info: 
╔══════════════════════════════════════════════════════════════════════════════════╗
║      Slack 4.7.0, linux 4.15.0-112-generic on x64 at 07/29/20, 20:43:10:754      ║
╚══════════════════════════════════════════════════════════════════════════════════╝ 
[07/29/20, 20:43:10:755] info: Configured logger via 
{
  "identifierOverride": "chrome-console",
  "logLevel": "info",
  "numberOfInstances": 3
}
[07/29/20, 20:43:10:756] info: Predefined values for process 
{
  "NODE_ENV": "production",
  "platform": "linux",
  "type": "browser",
  "PACKAGE_MANIFEST.productName": "Slack",
  "PACKAGE_MANIFEST.version": "4.7.0",
  "PACKAGE_MANIFEST.commit": "7ffff30",
  "PACKAGE_MANIFEST.branch": "HEAD"
}
[07/29/20, 20:43:10:783] info: 
╔══════════════════════════════════════════════════════════════════════════════════╗
║      Slack 4.7.0, linux 4.15.0-112-generic on x64 at 07/29/20, 20:43:10:783      ║
╚══════════════════════════════════════════════════════════════════════════════════╝ 
[07/29/20, 20:43:10:783] info: Configured logger via 
{
  "identifierOverride": "chrome-console",
  "logLevel": "info",
  "numberOfInstances": 4
}
[07/29/20, 20:43:10:784] info: Predefined values for process 
{
  "NODE_ENV": "production",
  "platform": "linux",
  "type": "browser",
  "PACKAGE_MANIFEST.productName": "Slack",
  "PACKAGE_MANIFEST.version": "4.7.0",
  "PACKAGE_MANIFEST.commit": "7ffff30",
  "PACKAGE_MANIFEST.branch": "HEAD"
}
